[0710/213540.048:ERROR:process_memory_win.cc(73)] ReadMemory at 0x7ff7924f0000 of 64 bytes failed: Only part of a ReadProcessMemory or WriteProcessMemory request was completed. (0x12B)
[0710/213540.392:WARNING:pe_image_reader.cc(340)] could not read dos header from C:\Program Files (x86)\Google\Chrome\Application\chrome.exe
[0710/213540.393:ERROR:process_memory_win.cc(73)] ReadMemory at 0x7ffaeb080000 of 64 bytes failed: Only part of a ReadProcessMemory or WriteProcessMemory request was completed. (0x12B)
[0710/213540.393:WARNING:pe_image_reader.cc(340)] could not read dos header from C:\WINDOWS\SYSTEM32\ntdll.dll
[0710/213540.393:ERROR:process_memory_win.cc(73)] ReadMemory at 0x7ffae9210000 of 64 bytes failed: Only part of a ReadProcessMemory or WriteProcessMemory request was completed. (0x12B)
[0710/213540.570:WARNING:pe_image_reader.cc(340)] could not read dos header from C:\WINDOWS\System32\KERNEL32.DLL
[0710/213540.570:ERROR:process_memory_win.cc(73)] ReadMemory at 0x7ffae8760000 of 64 bytes failed: Only part of a ReadProcessMemory or WriteProcessMemory request was completed. (0x12B)
[0710/213540.571:WARNING:pe_image_reader.cc(340)] could not read dos header from C:\WINDOWS\System32\KERNELBASE.dll
[0710/213540.571:ERROR:process_memory_win.cc(73)] ReadMemory at 0x7ffad9170000 of 64 bytes failed: Only part of a ReadProcessMemory or WriteProcessMemory request was completed. (0x12B)
[0710/213540.571:WARNING:pe_image_reader.cc(340)] could not read dos header from C:\Program Files (x86)\Google\Chrome\Application\83.0.4103.116\chrome_elf.dll
[0710/213540.571:ERROR:process_memory_win.cc(73)] ReadMemory at 0x7ffae19e0000 of 64 bytes failed: Only part of a ReadProcessMemory or WriteProcessMemory request was completed. (0x12B)
[0710/213540.571:WARNING:pe_image_reader.cc(340)] could not read dos header from C:\WINDOWS\SYSTEM32\VERSION.dll
[0710/213540.572:ERROR:process_memory_win.cc(73)] ReadMemory at 0x7ffae9670000 of 64 bytes failed: Only part of a ReadProcessMemory or WriteProcessMemory request was completed. (0x12B)
[0710/213540.572:WARNING:pe_image_reader.cc(340)] could not read dos header from C:\WINDOWS\System32\msvcrt.dll
[0710/213540.572:ERROR:process_memory_win.cc(73)] ReadMemory at 0x7ffae81a0000 of 64 bytes failed: Only part of a ReadProcessMemory or WriteProcessMemory request was completed. (0x12B)
[0710/213540.572:WARNING:pe_image_reader.cc(340)] could not read dos header from C:\WINDOWS\System32\bcryptPrimitives.dll
[0710/213540.573:ERROR:process_memory_win.cc(73)] ReadMemory at 0x7ffae9dc0000 of 64 bytes failed: Only part of a ReadProcessMemory or WriteProcessMemory request was completed. (0x12B)
[0710/213540.573:WARNING:pe_image_reader.cc(340)] could not read dos header from C:\WINDOWS\System32\ADVAPI32.dll
[0710/213540.573:ERROR:process_memory_win.cc(73)] ReadMemory at 0x7ffaeab10000 of 64 bytes failed: Only part of a ReadProcessMemory or WriteProcessMemory request was completed. (0x12B)
[0710/213540.573:WARNING:pe_image_reader.cc(340)] could not read dos header from C:\WINDOWS\System32\sechost.dll
[0710/213540.573:ERROR:process_memory_win.cc(73)] ReadMemory at 0x7ffae9360000 of 64 bytes failed: Only part of a ReadProcessMemory or WriteProcessMemory request was completed. (0x12B)
[0710/213540.573:WARNING:pe_image_reader.cc(340)] could not read dos header from C:\WINDOWS\System32\RPCRT4.dll
[0710/213540.574:ERROR:process_memory_win.cc(73)] ReadMemory at 0x7ffa7fc30000 of 64 bytes failed: Only part of a ReadProcessMemory or WriteProcessMemory request was completed. (0x12B)
[0710/213540.574:WARNING:pe_image_reader.cc(340)] could not read dos header from C:\Program Files (x86)\Google\Chrome\Application\83.0.4103.116\chrome.dll
[0710/213540.575:ERROR:process_memory_win.cc(73)] ReadMemory at 0x7ffae9870000 of 64 bytes failed: Only part of a ReadProcessMemory or WriteProcessMemory request was completed. (0x12B)
[0710/213540.575:WARNING:pe_image_reader.cc(340)] could not read dos header from C:\WINDOWS\System32\WS2_32.dll
[0710/213540.575:ERROR:process_memory_win.cc(73)] ReadMemory at 0x7ffae9530000 of 64 bytes failed: Only part of a ReadProcessMemory or WriteProcessMemory request was completed. (0x12B)
[0710/213540.699:WARNING:pe_image_reader.cc(340)] could not read dos header from C:\WINDOWS\System32\OLEAUT32.dll
[0710/213540.700:ERROR:process_memory_win.cc(73)] ReadMemory at 0x7ffae82b0000 of 64 bytes failed: Only part of a ReadProcessMemory or WriteProcessMemory request was completed. (0x12B)
[0710/213540.700:WARNING:pe_image_reader.cc(340)] could not read dos header from C:\WINDOWS\System32\msvcp_win.dll
[0710/213540.700:ERROR:process_memory_win.cc(73)] ReadMemory at 0x7ffae8350000 of 64 bytes failed: Only part of a ReadProcessMemory or WriteProcessMemory request was completed. (0x12B)
[0710/213540.700:WARNING:pe_image_reader.cc(340)] could not read dos header from C:\WINDOWS\System32\ucrtbase.dll
[0710/213540.700:ERROR:process_memory_win.cc(73)] ReadMemory at 0x7ffae9e70000 of 64 bytes failed: Only part of a ReadProcessMemory or WriteProcessMemory request was completed. (0x12B)
[0710/213540.700:WARNING:pe_image_reader.cc(340)] could not read dos header from C:\WINDOWS\System32\combase.dll
[0710/213540.700:ERROR:process_memory_win.cc(73)] ReadMemory at 0x7ffae8250000 of 64 bytes failed: Only part of a ReadProcessMemory or WriteProcessMemory request was completed. (0x12B)
[0710/213540.700:WARNING:pe_image_reader.cc(340)] could not read dos header from C:\WINDOWS\System32\WINTRUST.dll
[0710/213540.700:ERROR:process_memory_win.cc(73)] ReadMemory at 0x7ffae8030000 of 64 bytes failed: Only part of a ReadProcessMemory or WriteProcessMemory request was completed. (0x12B)
[0710/213540.700:WARNING:pe_image_reader.cc(340)] could not read dos header from C:\WINDOWS\System32\MSASN1.dll
[0710/213540.700:ERROR:process_memory_win.cc(73)] ReadMemory at 0x7ffae85f0000 of 64 bytes failed: Only part of a ReadProcessMemory or WriteProcessMemory request was completed. (0x12B)
[0710/213540.700:WARNING:pe_image_reader.cc(340)] could not read dos header from C:\WINDOWS\System32\CRYPT32.dll
[0710/213540.700:ERROR:process_memory_win.cc(73)] ReadMemory at 0x7ffae7560000 of 64 bytes failed: Only part of a ReadProcessMemory or WriteProcessMemory request was completed. (0x12B)
[0710/213540.700:WARNING:pe_image_reader.cc(340)] could not read dos header from C:\WINDOWS\SYSTEM32\IPHLPAPI.DLL
[0710/213540.700:ERROR:process_memory_win.cc(73)] ReadMemory at 0x7ffae5af0000 of 64 bytes failed: Only part of a ReadProcessMemory or WriteProcessMemory request was completed. (0x12B)
[0710/213540.700:WARNING:pe_image_reader.cc(340)] could not read dos header from C:\WINDOWS\SYSTEM32\WINMM.dll
[0710/213540.700:ERROR:process_memory_win.cc(73)] ReadMemory at 0x7ffae2d40000 of 64 bytes failed: Only part of a ReadProcessMemory or WriteProcessMemory request was completed. (0x12B)
[0710/213540.700:WARNING:pe_image_reader.cc(340)] could not read dos header from C:\WINDOWS\SYSTEM32\Secur32.dll
[0710/213540.701:ERROR:process_memory_win.cc(73)] ReadMemory at 0x7ffae7f40000 of 64 bytes failed: Only part of a ReadProcessMemory or WriteProcessMemory request was completed. (0x12B)
[0710/213540.701:WARNING:pe_image_reader.cc(340)] could not read dos header from C:\WINDOWS\SYSTEM32\USERENV.dll
[0710/213540.701:ERROR:process_memory_win.cc(73)] ReadMemory at 0x7ffae80c0000 of 64 bytes failed: Only part of a ReadProcessMemory or WriteProcessMemory request was completed. (0x12B)
[0710/213540.701:WARNING:pe_image_reader.cc(340)] could not read dos header from C:\WINDOWS\System32\profapi.dll
[0710/213540.701:ERROR:process_memory_win.cc(73)] ReadMemory at 0x7ffabc4a0000 of 64 bytes failed: Only part of a ReadProcessMemory or WriteProcessMemory request was completed. (0x12B)
[0710/213540.701:WARNING:pe_image_reader.cc(340)] could not read dos header from C:\WINDOWS\SYSTEM32\UIAutomationCore.DLL
[0710/213540.701:ERROR:process_memory_win.cc(73)] ReadMemory at 0x7ffadbf20000 of 64 bytes failed: Only part of a ReadProcessMemory or WriteProcessMemory request was completed. (0x12B)
[0710/213540.701:WARNING:pe_image_reader.cc(340)] could not read dos header from C:\WINDOWS\SYSTEM32\DWrite.dll
[0710/213540.701:ERROR:process_memory_win.cc(73)] ReadMemory at 0x7ffae17a0000 of 64 bytes failed: Only part of a ReadProcessMemory or WriteProcessMemory request was completed. (0x12B)
[0710/213540.701:WARNING:pe_image_reader.cc(340)] could not read dos header from C:\WINDOWS\SYSTEM32\WINSPOOL.DRV
[0710/213540.701:ERROR:process_memory_win.cc(73)] ReadMemory at 0x7ffae8050000 of 64 bytes failed: Only part of a ReadProcessMemory or WriteProcessMemory request was completed. (0x12B)
[0710/213540.701:WARNING:pe_image_reader.cc(340)] could not read dos header from C:\WINDOWS\System32\kernel.appcore.dll
[0710/213540.701:ERROR:process_memory_win.cc(73)] ReadMemory at 0x7ffae8220000 of 64 bytes failed: Only part of a ReadProcessMemory or WriteProcessMemory request was completed. (0x12B)
[0710/213540.702:WARNING:pe_image_reader.cc(340)] could not read dos header from C:\WINDOWS\System32\bcrypt.dll
[0710/213540.702:ERROR:process_memory_win.cc(73)] ReadMemory at 0x7ffad58f0000 of 64 bytes failed: Only part of a ReadProcessMemory or WriteProcessMemory request was completed. (0x12B)
[0710/213540.702:WARNING:pe_image_reader.cc(340)] could not read dos header from C:\WINDOWS\SYSTEM32\dbghelp.dll
[0710/213540.702:ERROR:process_memory_win.cc(73)] ReadMemory at 0x7ffad8df0000 of 64 bytes failed: Only part of a ReadProcessMemory or WriteProcessMemory request was completed. (0x12B)
[0710/213540.702:WARNING:pe_image_reader.cc(340)] could not read dos header from C:\WINDOWS\SYSTEM32\WINHTTP.dll
[0710/213540.702:ERROR:process_memory_win.cc(73)] ReadMemory at 0x7ffade140000 of 64 bytes failed: Only part of a ReadProcessMemory or WriteProcessMemory request was completed. (0x12B)
[0710/213540.702:WARNING:pe_image_reader.cc(340)] could not read dos header from C:\WINDOWS\SYSTEM32\dhcpcsvc.DLL
[0710/213540.702:ERROR:process_memory_win.cc(73)] ReadMemory at 0x7ffae9a80000 of 64 bytes failed: Only part of a ReadProcessMemory or WriteProcessMemory request was completed. (0x12B)
[0710/213540.702:WARNING:pe_image_reader.cc(340)] could not read dos header from C:\WINDOWS\System32\NSI.dll
[0710/213540.702:ERROR:process_memory_win.cc(73)] ReadMemory at 0x7ffae58e0000 of 64 bytes failed: Only part of a ReadProcessMemory or WriteProcessMemory request was completed. (0x12B)
[0710/213540.702:WARNING:pe_image_reader.cc(340)] could not read dos header from C:\WINDOWS\SYSTEM32\WINMMBASE.dll
[0710/213540.702:ERROR:process_memory_win.cc(73)] ReadMemory at 0x7ffae8a10000 of 64 bytes failed: Only part of a ReadProcessMemory or WriteProcessMemory request was completed. (0x12B)
[0710/213540.702:WARNING:pe_image_reader.cc(340)] could not read dos header from C:\WINDOWS\System32\cfgmgr32.dll
[0710/213540.702:ERROR:process_memory_win.cc(73)] ReadMemory at 0x7ffae4990000 of 64 bytes failed: Only part of a ReadProcessMemory or WriteProcessMemory request was completed. (0x12B)
[0710/213540.702:WARNING:pe_image_reader.cc(340)] could not read dos header from C:\WINDOWS\SYSTEM32\PROPSYS.dll
[0710/213540.702:ERROR:process_memory_win.cc(73)] ReadMemory at 0x7ffaea1b0000 of 64 bytes failed: Only part of a ReadProcessMemory or WriteProcessMemory request was completed. (0x12B)
[0710/213540.702:WARNING:pe_image_reader.cc(340)] could not read dos header from C:\WINDOWS\System32\shcore.dll
[0710/213540.702:ERROR:process_memory_win.cc(73)] ReadMemory at 0x7ffae7f10000 of 64 bytes failed: Only part of a ReadProcessMemory or WriteProcessMemory request was completed. (0x12B)
[0710/213540.702:WARNING:pe_image_reader.cc(340)] could not read dos header from C:\WINDOWS\SYSTEM32\SSPICLI.DLL
[0710/213540.703:ERROR:process_memory_win.cc(73)] ReadMemory at 0x7ffae79c0000 of 64 bytes failed: Only part of a ReadProcessMemory or WriteProcessMemory request was completed. (0x12B)
[0710/213540.703:WARNING:pe_image_reader.cc(340)] could not read dos header from C:\WINDOWS\SYSTEM32\CRYPTBASE.DLL
[0710/213540.972:ERROR:process_memory_win.cc(73)] ReadMemory at 0x7ff7924f0000 of 64 bytes failed: Only part of a ReadProcessMemory or WriteProcessMemory request was completed. (0x12B)
[0710/213540.972:WARNING:pe_image_reader.cc(340)] could not read dos header from C:\Program Files (x86)\Google\Chrome\Application\chrome.exe
[0710/213540.972:ERROR:process_memory_win.cc(73)] ReadMemory at 0x7ffaeb080000 of 64 bytes failed: Only part of a ReadProcessMemory or WriteProcessMemory request was completed. (0x12B)
[0710/213540.972:WARNING:pe_image_reader.cc(340)] could not read dos header from C:\WINDOWS\SYSTEM32\ntdll.dll
[0710/213540.972:ERROR:process_memory_win.cc(73)] ReadMemory at 0x7ffae9210000 of 64 bytes failed: Only part of a ReadProcessMemory or WriteProcessMemory request was completed. (0x12B)
[0710/213540.972:WARNING:pe_image_reader.cc(340)] could not read dos header from C:\WINDOWS\System32\KERNEL32.DLL
[0710/213540.972:ERROR:process_memory_win.cc(73)] ReadMemory at 0x7ffae8760000 of 64 bytes failed: Only part of a ReadProcessMemory or WriteProcessMemory request was completed. (0x12B)
[0710/213540.972:WARNING:pe_image_reader.cc(340)] could not read dos header from C:\WINDOWS\System32\KERNELBASE.dll
[0710/213540.972:ERROR:process_memory_win.cc(73)] ReadMemory at 0x7ffad9170000 of 64 bytes failed: Only part of a ReadProcessMemory or WriteProcessMemory request was completed. (0x12B)
[0710/213540.972:WARNING:pe_image_reader.cc(340)] could not read dos header from C:\Program Files (x86)\Google\Chrome\Application\83.0.4103.116\chrome_elf.dll
[0710/213540.972:ERROR:process_memory_win.cc(73)] ReadMemory at 0x7ffae19e0000 of 64 bytes failed: Only part of a ReadProcessMemory or WriteProcessMemory request was completed. (0x12B)
[0710/213540.972:WARNING:pe_image_reader.cc(340)] could not read dos header from C:\WINDOWS\SYSTEM32\VERSION.dll
[0710/213540.973:ERROR:process_memory_win.cc(73)] ReadMemory at 0x7ffae9670000 of 64 bytes failed: Only part of a ReadProcessMemory or WriteProcessMemory request was completed. (0x12B)
[0710/213540.973:WARNING:pe_image_reader.cc(340)] could not read dos header from C:\WINDOWS\System32\msvcrt.dll
[0710/213540.973:ERROR:process_memory_win.cc(73)] ReadMemory at 0x7ffae81a0000 of 64 bytes failed: Only part of a ReadProcessMemory or WriteProcessMemory request was completed. (0x12B)
[0710/213540.973:WARNING:pe_image_reader.cc(340)] could not read dos header from C:\WINDOWS\System32\bcryptPrimitives.dll
[0710/213540.973:ERROR:process_memory_win.cc(73)] ReadMemory at 0x7ffae9dc0000 of 64 bytes failed: Only part of a ReadProcessMemory or WriteProcessMemory request was completed. (0x12B)
[0710/213540.973:WARNING:pe_image_reader.cc(340)] could not read dos header from C:\WINDOWS\System32\ADVAPI32.dll
[0710/213540.973:ERROR:process_memory_win.cc(73)] ReadMemory at 0x7ffaeab10000 of 64 bytes failed: Only part of a ReadProcessMemory or WriteProcessMemory request was completed. (0x12B)
[0710/213540.973:WARNING:pe_image_reader.cc(340)] could not read dos header from C:\WINDOWS\System32\sechost.dll
[0710/213540.973:ERROR:process_memory_win.cc(73)] ReadMemory at 0x7ffae9360000 of 64 bytes failed: Only part of a ReadProcessMemory or WriteProcessMemory request was completed. (0x12B)
[0710/213540.973:WARNING:pe_image_reader.cc(340)] could not read dos header from C:\WINDOWS\System32\RPCRT4.dll
[0710/213540.973:ERROR:process_memory_win.cc(73)] ReadMemory at 0x7ffa7fc30000 of 64 bytes failed: Only part of a ReadProcessMemory or WriteProcessMemory request was completed. (0x12B)
[0710/213540.973:WARNING:pe_image_reader.cc(340)] could not read dos header from C:\Program Files (x86)\Google\Chrome\Application\83.0.4103.116\chrome.dll
[0710/213540.973:ERROR:process_memory_win.cc(73)] ReadMemory at 0x7ffae9870000 of 64 bytes failed: Only part of a ReadProcessMemory or WriteProcessMemory request was completed. (0x12B)
[0710/213540.973:WARNING:pe_image_reader.cc(340)] could not read dos header from C:\WINDOWS\System32\WS2_32.dll
[0710/213540.973:ERROR:process_memory_win.cc(73)] ReadMemory at 0x7ffae9530000 of 64 bytes failed: Only part of a ReadProcessMemory or WriteProcessMemory request was completed. (0x12B)
[0710/213540.973:WARNING:pe_image_reader.cc(340)] could not read dos header from C:\WINDOWS\System32\OLEAUT32.dll
[0710/213540.973:ERROR:process_memory_win.cc(73)] ReadMemory at 0x7ffae82b0000 of 64 bytes failed: Only part of a ReadProcessMemory or WriteProcessMemory request was completed. (0x12B)
[0710/213540.973:WARNING:pe_image_reader.cc(340)] could not read dos header from C:\WINDOWS\System32\msvcp_win.dll
[0710/213540.973:ERROR:process_memory_win.cc(73)] ReadMemory at 0x7ffae8350000 of 64 bytes failed: Only part of a ReadProcessMemory or WriteProcessMemory request was completed. (0x12B)
[0710/213540.973:WARNING:pe_image_reader.cc(340)] could not read dos header from C:\WINDOWS\System32\ucrtbase.dll
[0710/213540.974:ERROR:process_memory_win.cc(73)] ReadMemory at 0x7ffae9e70000 of 64 bytes failed: Only part of a ReadProcessMemory or WriteProcessMemory request was completed. (0x12B)
[0710/213540.974:WARNING:pe_image_reader.cc(340)] could not read dos header from C:\WINDOWS\System32\combase.dll
[0710/213540.974:ERROR:process_memory_win.cc(73)] ReadMemory at 0x7ffae8250000 of 64 bytes failed: Only part of a ReadProcessMemory or WriteProcessMemory request was completed. (0x12B)
[0710/213540.974:WARNING:pe_image_reader.cc(340)] could not read dos header from C:\WINDOWS\System32\WINTRUST.dll
[0710/213540.974:ERROR:process_memory_win.cc(73)] ReadMemory at 0x7ffae8030000 of 64 bytes failed: Only part of a ReadProcessMemory or WriteProcessMemory request was completed. (0x12B)
[0710/213540.974:WARNING:pe_image_reader.cc(340)] could not read dos header from C:\WINDOWS\System32\MSASN1.dll
[0710/213540.974:ERROR:process_memory_win.cc(73)] ReadMemory at 0x7ffae85f0000 of 64 bytes failed: Only part of a ReadProcessMemory or WriteProcessMemory request was completed. (0x12B)
[0710/213540.974:WARNING:pe_image_reader.cc(340)] could not read dos header from C:\WINDOWS\System32\CRYPT32.dll
[0710/213540.974:ERROR:process_memory_win.cc(73)] ReadMemory at 0x7ffae7560000 of 64 bytes failed: Only part of a ReadProcessMemory or WriteProcessMemory request was completed. (0x12B)
[0710/213540.974:WARNING:pe_image_reader.cc(340)] could not read dos header from C:\WINDOWS\SYSTEM32\IPHLPAPI.DLL
[0710/213540.974:ERROR:process_memory_win.cc(73)] ReadMemory at 0x7ffae5af0000 of 64 bytes failed: Only part of a ReadProcessMemory or WriteProcessMemory request was completed. (0x12B)
[0710/213540.974:WARNING:pe_image_reader.cc(340)] could not read dos header from C:\WINDOWS\SYSTEM32\WINMM.dll
[0710/213540.974:ERROR:process_memory_win.cc(73)] ReadMemory at 0x7ffae2d40000 of 64 bytes failed: Only part of a ReadProcessMemory or WriteProcessMemory request was completed. (0x12B)
[0710/213540.974:WARNING:pe_image_reader.cc(340)] could not read dos header from C:\WINDOWS\SYSTEM32\Secur32.dll
[0710/213540.974:ERROR:process_memory_win.cc(73)] ReadMemory at 0x7ffae7f40000 of 64 bytes failed: Only part of a ReadProcessMemory or WriteProcessMemory request was completed. (0x12B)
[0710/213540.974:WARNING:pe_image_reader.cc(340)] could not read dos header from C:\WINDOWS\SYSTEM32\USERENV.dll
[0710/213540.974:ERROR:process_memory_win.cc(73)] ReadMemory at 0x7ffae80c0000 of 64 bytes failed: Only part of a ReadProcessMemory or WriteProcessMemory request was completed. (0x12B)
[0710/213540.974:WARNING:pe_image_reader.cc(340)] could not read dos header from C:\WINDOWS\System32\profapi.dll
[0710/213540.974:ERROR:process_memory_win.cc(73)] ReadMemory at 0x7ffabc4a0000 of 64 bytes failed: Only part of a ReadProcessMemory or WriteProcessMemory request was completed. (0x12B)
[0710/213540.974:WARNING:pe_image_reader.cc(340)] could not read dos header from C:\WINDOWS\SYSTEM32\UIAutomationCore.DLL
[0710/213540.974:ERROR:process_memory_win.cc(73)] ReadMemory at 0x7ffadbf20000 of 64 bytes failed: Only part of a ReadProcessMemory or WriteProcessMemory request was completed. (0x12B)
[0710/213540.974:WARNING:pe_image_reader.cc(340)] could not read dos header from C:\WINDOWS\SYSTEM32\DWrite.dll
[0710/213540.974:ERROR:process_memory_win.cc(73)] ReadMemory at 0x7ffae17a0000 of 64 bytes failed: Only part of a ReadProcessMemory or WriteProcessMemory request was completed. (0x12B)
[0710/213540.974:WARNING:pe_image_reader.cc(340)] could not read dos header from C:\WINDOWS\SYSTEM32\WINSPOOL.DRV
[0710/213540.974:ERROR:process_memory_win.cc(73)] ReadMemory at 0x7ffae8050000 of 64 bytes failed: Only part of a ReadProcessMemory or WriteProcessMemory request was completed. (0x12B)
[0710/213540.974:WARNING:pe_image_reader.cc(340)] could not read dos header from C:\WINDOWS\System32\kernel.appcore.dll
[0710/213540.974:ERROR:process_memory_win.cc(73)] ReadMemory at 0x7ffae8220000 of 64 bytes failed: Only part of a ReadProcessMemory or WriteProcessMemory request was completed. (0x12B)
[0710/213540.974:WARNING:pe_image_reader.cc(340)] could not read dos header from C:\WINDOWS\System32\bcrypt.dll
[0710/213540.974:ERROR:process_memory_win.cc(73)] ReadMemory at 0x7ffad58f0000 of 64 bytes failed: Only part of a ReadProcessMemory or WriteProcessMemory request was completed. (0x12B)
[0710/213540.974:WARNING:pe_image_reader.cc(340)] could not read dos header from C:\WINDOWS\SYSTEM32\dbghelp.dll
[0710/213540.975:ERROR:process_memory_win.cc(73)] ReadMemory at 0x7ffad8df0000 of 64 bytes failed: Only part of a ReadProcessMemory or WriteProcessMemory request was completed. (0x12B)
[0710/213540.975:WARNING:pe_image_reader.cc(340)] could not read dos header from C:\WINDOWS\SYSTEM32\WINHTTP.dll
[0710/213540.975:ERROR:process_memory_win.cc(73)] ReadMemory at 0x7ffade140000 of 64 bytes failed: Only part of a ReadProcessMemory or WriteProcessMemory request was completed. (0x12B)
[0710/213540.975:WARNING:pe_image_reader.cc(340)] could not read dos header from C:\WINDOWS\SYSTEM32\dhcpcsvc.DLL
[0710/213540.975:ERROR:process_memory_win.cc(73)] ReadMemory at 0x7ffae9a80000 of 64 bytes failed: Only part of a ReadProcessMemory or WriteProcessMemory request was completed. (0x12B)
[0710/213540.975:WARNING:pe_image_reader.cc(340)] could not read dos header from C:\WINDOWS\System32\NSI.dll
[0710/213540.975:ERROR:process_memory_win.cc(73)] ReadMemory at 0x7ffae58e0000 of 64 bytes failed: Only part of a ReadProcessMemory or WriteProcessMemory request was completed. (0x12B)
[0710/213540.975:WARNING:pe_image_reader.cc(340)] could not read dos header from C:\WINDOWS\SYSTEM32\WINMMBASE.dll
[0710/213540.975:ERROR:process_memory_win.cc(73)] ReadMemory at 0x7ffae8a10000 of 64 bytes failed: Only part of a ReadProcessMemory or WriteProcessMemory request was completed. (0x12B)
[0710/213540.975:WARNING:pe_image_reader.cc(340)] could not read dos header from C:\WINDOWS\System32\cfgmgr32.dll
[0710/213540.975:ERROR:process_memory_win.cc(73)] ReadMemory at 0x7ffae4990000 of 64 bytes failed: Only part of a ReadProcessMemory or WriteProcessMemory request was completed. (0x12B)
[0710/213540.975:WARNING:pe_image_reader.cc(340)] could not read dos header from C:\WINDOWS\SYSTEM32\PROPSYS.dll
[0710/213540.975:ERROR:process_memory_win.cc(73)] ReadMemory at 0x7ffaea1b0000 of 64 bytes failed: Only part of a ReadProcessMemory or WriteProcessMemory request was completed. (0x12B)
[0710/213540.975:WARNING:pe_image_reader.cc(340)] could not read dos header from C:\WINDOWS\System32\shcore.dll
[0710/213540.975:ERROR:process_memory_win.cc(73)] ReadMemory at 0x7ffae7f10000 of 64 bytes failed: Only part of a ReadProcessMemory or WriteProcessMemory request was completed. (0x12B)
[0710/213540.975:WARNING:pe_image_reader.cc(340)] could not read dos header from C:\WINDOWS\SYSTEM32\SSPICLI.DLL
[0710/213540.975:ERROR:process_memory_win.cc(73)] ReadMemory at 0x7ffae79c0000 of 64 bytes failed: Only part of a ReadProcessMemory or WriteProcessMemory request was completed. (0x12B)
[0710/213540.975:WARNING:pe_image_reader.cc(340)] could not read dos header from C:\WINDOWS\SYSTEM32\CRYPTBASE.DLL
[0710/213540.975:ERROR:process_memory_win.cc(73)] ReadMemory at 0x7ff7924f0000 of 64 bytes failed: Only part of a ReadProcessMemory or WriteProcessMemory request was completed. (0x12B)
[0710/213540.975:WARNING:pe_image_reader.cc(340)] could not read dos header from C:\Program Files (x86)\Google\Chrome\Application\chrome.exe
[0710/213540.975:ERROR:process_memory_win.cc(73)] ReadMemory at 0x7ffaeb080000 of 64 bytes failed: Only part of a ReadProcessMemory or WriteProcessMemory request was completed. (0x12B)
[0710/213540.975:WARNING:pe_image_reader.cc(340)] could not read dos header from C:\WINDOWS\SYSTEM32\ntdll.dll
[0710/213540.975:ERROR:process_memory_win.cc(73)] ReadMemory at 0x7ffae9210000 of 64 bytes failed: Only part of a ReadProcessMemory or WriteProcessMemory request was completed. (0x12B)
[0710/213540.975:WARNING:pe_image_reader.cc(340)] could not read dos header from C:\WINDOWS\System32\KERNEL32.DLL
[0710/213540.975:ERROR:process_memory_win.cc(73)] ReadMemory at 0x7ffae8760000 of 64 bytes failed: Only part of a ReadProcessMemory or WriteProcessMemory request was completed. (0x12B)
[0710/213540.975:WARNING:pe_image_reader.cc(340)] could not read dos header from C:\WINDOWS\System32\KERNELBASE.dll
[0710/213540.975:ERROR:process_memory_win.cc(73)] ReadMemory at 0x7ffad9170000 of 64 bytes failed: Only part of a ReadProcessMemory or WriteProcessMemory request was completed. (0x12B)
[0710/213540.975:WARNING:pe_image_reader.cc(340)] could not read dos header from C:\Program Files (x86)\Google\Chrome\Application\83.0.4103.116\chrome_elf.dll
[0710/213540.976:ERROR:process_memory_win.cc(73)] ReadMemory at 0x7ffae19e0000 of 64 bytes failed: Only part of a ReadProcessMemory or WriteProcessMemory request was completed. (0x12B)
[0710/213540.976:WARNING:pe_image_reader.cc(340)] could not read dos header from C:\WINDOWS\SYSTEM32\VERSION.dll
[0710/213540.976:ERROR:process_memory_win.cc(73)] ReadMemory at 0x7ffae9670000 of 64 bytes failed: Only part of a ReadProcessMemory or WriteProcessMemory request was completed. (0x12B)
[0710/213540.976:WARNING:pe_image_reader.cc(340)] could not read dos header from C:\WINDOWS\System32\msvcrt.dll
[0710/213540.976:ERROR:process_memory_win.cc(73)] ReadMemory at 0x7ffae81a0000 of 64 bytes failed: Only part of a ReadProcessMemory or WriteProcessMemory request was completed. (0x12B)
[0710/213540.976:WARNING:pe_image_reader.cc(340)] could not read dos header from C:\WINDOWS\System32\bcryptPrimitives.dll
[0710/213540.976:ERROR:process_memory_win.cc(73)] ReadMemory at 0x7ffae9dc0000 of 64 bytes failed: Only part of a ReadProcessMemory or WriteProcessMemory request was completed. (0x12B)
[0710/213540.976:WARNING:pe_image_reader.cc(340)] could not read dos header from C:\WINDOWS\System32\ADVAPI32.dll
[0710/213540.976:ERROR:process_memory_win.cc(73)] ReadMemory at 0x7ffaeab10000 of 64 bytes failed: Only part of a ReadProcessMemory or WriteProcessMemory request was completed. (0x12B)
[0710/213540.976:WARNING:pe_image_reader.cc(340)] could not read dos header from C:\WINDOWS\System32\sechost.dll
[0710/213540.976:ERROR:process_memory_win.cc(73)] ReadMemory at 0x7ffae9360000 of 64 bytes failed: Only part of a ReadProcessMemory or WriteProcessMemory request was completed. (0x12B)
[0710/213540.976:WARNING:pe_image_reader.cc(340)] could not read dos header from C:\WINDOWS\System32\RPCRT4.dll
[0710/213540.976:ERROR:process_memory_win.cc(73)] ReadMemory at 0x7ffa7fc30000 of 64 bytes failed: Only part of a ReadProcessMemory or WriteProcessMemory request was completed. (0x12B)
[0710/213540.976:WARNING:pe_image_reader.cc(340)] could not read dos header from C:\Program Files (x86)\Google\Chrome\Application\83.0.4103.116\chrome.dll
[0710/213540.976:ERROR:process_memory_win.cc(73)] ReadMemory at 0x7ffae9870000 of 64 bytes failed: Only part of a ReadProcessMemory or WriteProcessMemory request was completed. (0x12B)
[0710/213540.976:WARNING:pe_image_reader.cc(340)] could not read dos header from C:\WINDOWS\System32\WS2_32.dll
[0710/213540.976:ERROR:process_memory_win.cc(73)] ReadMemory at 0x7ffae9530000 of 64 bytes failed: Only part of a ReadProcessMemory or WriteProcessMemory request was completed. (0x12B)
[0710/213540.976:WARNING:pe_image_reader.cc(340)] could not read dos header from C:\WINDOWS\System32\OLEAUT32.dll
[0710/213540.976:ERROR:process_memory_win.cc(73)] ReadMemory at 0x7ffae82b0000 of 64 bytes failed: Only part of a ReadProcessMemory or WriteProcessMemory request was completed. (0x12B)
[0710/213540.976:WARNING:pe_image_reader.cc(340)] could not read dos header from C:\WINDOWS\System32\msvcp_win.dll
[0710/213540.976:ERROR:process_memory_win.cc(73)] ReadMemory at 0x7ffae8350000 of 64 bytes failed: Only part of a ReadProcessMemory or WriteProcessMemory request was completed. (0x12B)
[0710/213540.976:WARNING:pe_image_reader.cc(340)] could not read dos header from C:\WINDOWS\System32\ucrtbase.dll
[0710/213540.976:ERROR:process_memory_win.cc(73)] ReadMemory at 0x7ffae9e70000 of 64 bytes failed: Only part of a ReadProcessMemory or WriteProcessMemory request was completed. (0x12B)
[0710/213540.976:WARNING:pe_image_reader.cc(340)] could not read dos header from C:\WINDOWS\System32\combase.dll
[0710/213540.976:ERROR:process_memory_win.cc(73)] ReadMemory at 0x7ffae8250000 of 64 bytes failed: Only part of a ReadProcessMemory or WriteProcessMemory request was completed. (0x12B)
[0710/213540.976:WARNING:pe_image_reader.cc(340)] could not read dos header from C:\WINDOWS\System32\WINTRUST.dll
[0710/213540.976:ERROR:process_memory_win.cc(73)] ReadMemory at 0x7ffae8030000 of 64 bytes failed: Only part of a ReadProcessMemory or WriteProcessMemory request was completed. (0x12B)
[0710/213540.976:WARNING:pe_image_reader.cc(340)] could not read dos header from C:\WINDOWS\System32\MSASN1.dll
[0710/213540.976:ERROR:process_memory_win.cc(73)] ReadMemory at 0x7ffae85f0000 of 64 bytes failed: Only part of a ReadProcessMemory or WriteProcessMemory request was completed. (0x12B)
[0710/213540.976:WARNING:pe_image_reader.cc(340)] could not read dos header from C:\WINDOWS\System32\CRYPT32.dll
[0710/213540.977:ERROR:process_memory_win.cc(73)] ReadMemory at 0x7ffae7560000 of 64 bytes failed: Only part of a ReadProcessMemory or WriteProcessMemory request was completed. (0x12B)
[0710/213540.977:WARNING:pe_image_reader.cc(340)] could not read dos header from C:\WINDOWS\SYSTEM32\IPHLPAPI.DLL
[0710/213540.977:ERROR:process_memory_win.cc(73)] ReadMemory at 0x7ffae5af0000 of 64 bytes failed: Only part of a ReadProcessMemory or WriteProcessMemory request was completed. (0x12B)
[0710/213540.977:WARNING:pe_image_reader.cc(340)] could not read dos header from C:\WINDOWS\SYSTEM32\WINMM.dll
[0710/213540.977:ERROR:process_memory_win.cc(73)] ReadMemory at 0x7ffae2d40000 of 64 bytes failed: Only part of a ReadProcessMemory or WriteProcessMemory request was completed. (0x12B)
[0710/213540.977:WARNING:pe_image_reader.cc(340)] could not read dos header from C:\WINDOWS\SYSTEM32\Secur32.dll
[0710/213540.977:ERROR:process_memory_win.cc(73)] ReadMemory at 0x7ffae7f40000 of 64 bytes failed: Only part of a ReadProcessMemory or WriteProcessMemory request was completed. (0x12B)
[0710/213540.977:WARNING:pe_image_reader.cc(340)] could not read dos header from C:\WINDOWS\SYSTEM32\USERENV.dll
[0710/213540.977:ERROR:process_memory_win.cc(73)] ReadMemory at 0x7ffae80c0000 of 64 bytes failed: Only part of a ReadProcessMemory or WriteProcessMemory request was completed. (0x12B)
[0710/213540.977:WARNING:pe_image_reader.cc(340)] could not read dos header from C:\WINDOWS\System32\profapi.dll
[0710/213540.977:ERROR:process_memory_win.cc(73)] ReadMemory at 0x7ffabc4a0000 of 64 bytes failed: Only part of a ReadProcessMemory or WriteProcessMemory request was completed. (0x12B)
[0710/213540.977:WARNING:pe_image_reader.cc(340)] could not read dos header from C:\WINDOWS\SYSTEM32\UIAutomationCore.DLL
[0710/213540.977:ERROR:process_memory_win.cc(73)] ReadMemory at 0x7ffadbf20000 of 64 bytes failed: Only part of a ReadProcessMemory or WriteProcessMemory request was completed. (0x12B)
[0710/213540.977:WARNING:pe_image_reader.cc(340)] could not read dos header from C:\WINDOWS\SYSTEM32\DWrite.dll
[0710/213540.977:ERROR:process_memory_win.cc(73)] ReadMemory at 0x7ffae17a0000 of 64 bytes failed: Only part of a ReadProcessMemory or WriteProcessMemory request was completed. (0x12B)
[0710/213540.977:WARNING:pe_image_reader.cc(340)] could not read dos header from C:\WINDOWS\SYSTEM32\WINSPOOL.DRV
[0710/213540.977:ERROR:process_memory_win.cc(73)] ReadMemory at 0x7ffae8050000 of 64 bytes failed: Only part of a ReadProcessMemory or WriteProcessMemory request was completed. (0x12B)
[0710/213540.977:WARNING:pe_image_reader.cc(340)] could not read dos header from C:\WINDOWS\System32\kernel.appcore.dll
[0710/213540.977:ERROR:process_memory_win.cc(73)] ReadMemory at 0x7ffae8220000 of 64 bytes failed: Only part of a ReadProcessMemory or WriteProcessMemory request was completed. (0x12B)
[0710/213540.977:WARNING:pe_image_reader.cc(340)] could not read dos header from C:\WINDOWS\System32\bcrypt.dll
[0710/213540.977:ERROR:process_memory_win.cc(73)] ReadMemory at 0x7ffad58f0000 of 64 bytes failed: Only part of a ReadProcessMemory or WriteProcessMemory request was completed. (0x12B)
[0710/213540.977:WARNING:pe_image_reader.cc(340)] could not read dos header from C:\WINDOWS\SYSTEM32\dbghelp.dll
[0710/213540.977:ERROR:process_memory_win.cc(73)] ReadMemory at 0x7ffad8df0000 of 64 bytes failed: Only part of a ReadProcessMemory or WriteProcessMemory request was completed. (0x12B)
[0710/213540.977:WARNING:pe_image_reader.cc(340)] could not read dos header from C:\WINDOWS\SYSTEM32\WINHTTP.dll
[0710/213540.978:ERROR:process_memory_win.cc(73)] ReadMemory at 0x7ffade140000 of 64 bytes failed: Only part of a ReadProcessMemory or WriteProcessMemory request was completed. (0x12B)
[0710/213540.978:WARNING:pe_image_reader.cc(340)] could not read dos header from C:\WINDOWS\SYSTEM32\dhcpcsvc.DLL
[0710/213540.978:ERROR:process_memory_win.cc(73)] ReadMemory at 0x7ffae9a80000 of 64 bytes failed: Only part of a ReadProcessMemory or WriteProcessMemory request was completed. (0x12B)
[0710/213540.978:WARNING:pe_image_reader.cc(340)] could not read dos header from C:\WINDOWS\System32\NSI.dll
[0710/213540.978:ERROR:process_memory_win.cc(73)] ReadMemory at 0x7ffae58e0000 of 64 bytes failed: Only part of a ReadProcessMemory or WriteProcessMemory request was completed. (0x12B)
[0710/213540.978:WARNING:pe_image_reader.cc(340)] could not read dos header from C:\WINDOWS\SYSTEM32\WINMMBASE.dll
[0710/213540.978:ERROR:process_memory_win.cc(73)] ReadMemory at 0x7ffae8a10000 of 64 bytes failed: Only part of a ReadProcessMemory or WriteProcessMemory request was completed. (0x12B)
[0710/213540.978:WARNING:pe_image_reader.cc(340)] could not read dos header from C:\WINDOWS\System32\cfgmgr32.dll
[0710/213540.978:ERROR:process_memory_win.cc(73)] ReadMemory at 0x7ffae4990000 of 64 bytes failed: Only part of a ReadProcessMemory or WriteProcessMemory request was completed. (0x12B)
[0710/213540.978:WARNING:pe_image_reader.cc(340)] could not read dos header from C:\WINDOWS\SYSTEM32\PROPSYS.dll
[0710/213540.978:ERROR:process_memory_win.cc(73)] ReadMemory at 0x7ffaea1b0000 of 64 bytes failed: Only part of a ReadProcessMemory or WriteProcessMemory request was completed. (0x12B)
[0710/213540.978:WARNING:pe_image_reader.cc(340)] could not read dos header from C:\WINDOWS\System32\shcore.dll
[0710/213540.978:ERROR:process_memory_win.cc(73)] ReadMemory at 0x7ffae7f10000 of 64 bytes failed: Only part of a ReadProcessMemory or WriteProcessMemory request was completed. (0x12B)
[0710/213540.978:WARNING:pe_image_reader.cc(340)] could not read dos header from C:\WINDOWS\SYSTEM32\SSPICLI.DLL
[0710/213540.978:ERROR:process_memory_win.cc(73)] ReadMemory at 0x7ffae79c0000 of 64 bytes failed: Only part of a ReadProcessMemory or WriteProcessMemory request was completed. (0x12B)
[0710/213540.978:WARNING:pe_image_reader.cc(340)] could not read dos header from C:\WINDOWS\SYSTEM32\CRYPTBASE.DLL
[0710/213541.482:ERROR:process_memory_win.cc(73)] ReadMemory at 0xe3d6fed000 of 77824 bytes failed: Only part of a ReadProcessMemory or WriteProcessMemory request was completed. (0x12B)
[0710/213541.482:ERROR:process_memory_win.cc(73)] ReadMemory at 0xe3d77fd000 of 12288 bytes failed: Only part of a ReadProcessMemory or WriteProcessMemory request was completed. (0x12B)
[0710/213541.482:ERROR:process_memory_win.cc(73)] ReadMemory at 0xe3d87fc000 of 16384 bytes failed: Only part of a ReadProcessMemory or WriteProcessMemory request was completed. (0x12B)
[0710/213541.483:ERROR:process_memory_win.cc(73)] ReadMemory at 0xe3d8ffb000 of 20480 bytes failed: Only part of a ReadProcessMemory or WriteProcessMemory request was completed. (0x12B)
[0710/213541.483:ERROR:process_memory_win.cc(73)] ReadMemory at 0xe3d97fe000 of 8192 bytes failed: Only part of a ReadProcessMemory or WriteProcessMemory request was completed. (0x12B)
[0710/213541.483:ERROR:process_memory_win.cc(73)] ReadMemory at 0xe3d9ffd000 of 12288 bytes failed: Only part of a ReadProcessMemory or WriteProcessMemory request was completed. (0x12B)
[0710/213541.483:ERROR:process_memory_win.cc(73)] ReadMemory at 0xe3da7fb000 of 20480 bytes failed: Only part of a ReadProcessMemory or WriteProcessMemory request was completed. (0x12B)
[0710/213541.483:ERROR:process_memory_win.cc(73)] ReadMemory at 0xe3daffd000 of 12288 bytes failed: Only part of a ReadProcessMemory or WriteProcessMemory request was completed. (0x12B)
[0710/213541.483:ERROR:process_memory_win.cc(73)] ReadMemory at 0xe3db7f7000 of 36864 bytes failed: Only part of a ReadProcessMemory or WriteProcessMemory request was completed. (0x12B)
[0710/213541.483:ERROR:process_memory_win.cc(73)] ReadMemory at 0xe3dbff5000 of 45056 bytes failed: Only part of a ReadProcessMemory or WriteProcessMemory request was completed. (0x12B)
[0710/213541.483:ERROR:process_memory_win.cc(73)] ReadMemory at 0xe3dc7fd000 of 12288 bytes failed: Only part of a ReadProcessMemory or WriteProcessMemory request was completed. (0x12B)
[0710/213541.483:ERROR:process_memory_win.cc(73)] ReadMemory at 0xe3ddffd000 of 12288 bytes failed: Only part of a ReadProcessMemory or WriteProcessMemory request was completed. (0x12B)
[0710/213541.483:ERROR:process_memory_win.cc(73)] ReadMemory at 0xe3dd7fc000 of 16384 bytes failed: Only part of a ReadProcessMemory or WriteProcessMemory request was completed. (0x12B)
[0710/213541.483:ERROR:process_memory_win.cc(73)] ReadMemory at 0xe3d7ffe000 of 8192 bytes failed: Only part of a ReadProcessMemory or WriteProcessMemory request was completed. (0x12B)
[0710/213541.484:ERROR:process_memory_win.cc(73)] ReadMemory at 0xe3dcffd000 of 12288 bytes failed: Only part of a ReadProcessMemory or WriteProcessMemory request was completed. (0x12B)
[0710/213541.484:ERROR:process_memory_win.cc(73)] ReadMemory at 0xe3de7fd000 of 12288 bytes failed: Only part of a ReadProcessMemory or WriteProcessMemory request was completed. (0x12B)
[0710/213541.484:ERROR:process_memory_win.cc(73)] ReadMemory at 0xe3d6640000 of 6024 bytes failed: Only part of a ReadProcessMemory or WriteProcessMemory request was completed. (0x12B)
[0710/213541.484:ERROR:process_memory_win.cc(73)] ReadMemory at 0xe3d6642000 of 6024 bytes failed: Only part of a ReadProcessMemory or WriteProcessMemory request was completed. (0x12B)
[0710/213541.484:ERROR:process_memory_win.cc(73)] ReadMemory at 0xe3d6644000 of 6024 bytes failed: Only part of a ReadProcessMemory or WriteProcessMemory request was completed. (0x12B)
[0710/213541.484:ERROR:process_memory_win.cc(73)] ReadMemory at 0xe3d6646000 of 6024 bytes failed: Only part of a ReadProcessMemory or WriteProcessMemory request was completed. (0x12B)
[0710/213541.484:ERROR:process_memory_win.cc(73)] ReadMemory at 0xe3d67cc000 of 852 bytes failed: Only part of a ReadProcessMemory or WriteProcessMemory request was completed. (0x12B)
[0710/213541.484:ERROR:process_memory_win.cc(73)] ReadMemory at 0xe3d67cd000 of 6024 bytes failed: Only part of a ReadProcessMemory or WriteProcessMemory request was completed. (0x12B)
[0710/213541.484:ERROR:process_memory_win.cc(73)] ReadMemory at 0xe3d67cf000 of 6024 bytes failed: Only part of a ReadProcessMemory or WriteProcessMemory request was completed. (0x12B)
[0710/213541.484:ERROR:process_memory_win.cc(73)] ReadMemory at 0xe3d67d3000 of 6024 bytes failed: Only part of a ReadProcessMemory or WriteProcessMemory request was completed. (0x12B)
[0710/213541.485:ERROR:process_memory_win.cc(73)] ReadMemory at 0xe3d67d5000 of 6024 bytes failed: Only part of a ReadProcessMemory or WriteProcessMemory request was completed. (0x12B)
[0710/213541.485:ERROR:process_memory_win.cc(73)] ReadMemory at 0xe3d67d7000 of 6024 bytes failed: Only part of a ReadProcessMemory or WriteProcessMemory request was completed. (0x12B)
[0710/213541.485:ERROR:process_memory_win.cc(73)] ReadMemory at 0xe3d67d9000 of 6024 bytes failed: Only part of a ReadProcessMemory or WriteProcessMemory request was completed. (0x12B)
[0710/213541.485:ERROR:process_memory_win.cc(73)] ReadMemory at 0xe3d67db000 of 6024 bytes failed: Only part of a ReadProcessMemory or WriteProcessMemory request was completed. (0x12B)
[0710/213541.485:ERROR:process_memory_win.cc(73)] ReadMemory at 0xe3d67dd000 of 6024 bytes failed: Only part of a ReadProcessMemory or WriteProcessMemory request was completed. (0x12B)
[0710/213541.485:ERROR:process_memory_win.cc(73)] ReadMemory at 0xe3d67df000 of 6024 bytes failed: Only part of a ReadProcessMemory or WriteProcessMemory request was completed. (0x12B)
[0710/213541.485:ERROR:process_memory_win.cc(73)] ReadMemory at 0xe3d67e1000 of 6024 bytes failed: Only part of a ReadProcessMemory or WriteProcessMemory request was completed. (0x12B)
[0710/213541.485:ERROR:process_memory_win.cc(73)] ReadMemory at 0xe3d67e3000 of 6024 bytes failed: Only part of a ReadProcessMemory or WriteProcessMemory request was completed. (0x12B)
[0710/213541.485:ERROR:process_memory_win.cc(73)] ReadMemory at 0xe3d67eb000 of 6024 bytes failed: Only part of a ReadProcessMemory or WriteProcessMemory request was completed. (0x12B)
[0710/213541.485:ERROR:process_memory_win.cc(73)] ReadMemory at 0x2929c1b0750 of 80 bytes failed: Only part of a ReadProcessMemory or WriteProcessMemory request was completed. (0x12B)
[0710/213541.485:ERROR:process_memory_win.cc(73)] ReadMemory at 0x2929c1b0fe0 of 27218 bytes failed: Only part of a ReadProcessMemory or WriteProcessMemory request was completed. (0x12B)
[0710/213541.486:ERROR:process_memory_win.cc(73)] ReadMemory at 0x2929c1b7a40 of 1012 bytes failed: Only part of a ReadProcessMemory or WriteProcessMemory request was completed. (0x12B)
[0710/213541.486:ERROR:process_memory_win.cc(73)] ReadMemory at 0x2929c1b8088 of 118 bytes failed: Only part of a ReadProcessMemory or WriteProcessMemory request was completed. (0x12B)
[0710/213541.486:ERROR:process_memory_win.cc(73)] ReadMemory at 0x2929c1b8100 of 750 bytes failed: Only part of a ReadProcessMemory or WriteProcessMemory request was completed. (0x12B)
[0710/213541.486:ERROR:process_memory_win.cc(73)] ReadMemory at 0x2929c1b83f0 of 118 bytes failed: Only part of a ReadProcessMemory or WriteProcessMemory request was completed. (0x12B)
[0710/213541.486:ERROR:process_memory_win.cc(73)] ReadMemory at 0x2929c1b8468 of 102 bytes failed: Only part of a ReadProcessMemory or WriteProcessMemory request was completed. (0x12B)
[0710/213541.486:ERROR:process_memory_win.cc(73)] ReadMemory at 0x2929c1b84e0 of 58 bytes failed: Only part of a ReadProcessMemory or WriteProcessMemory request was completed. (0x12B)
[0710/213541.486:ERROR:process_memory_win.cc(73)] ReadMemory at 0x2929c1b85e0 of 132 bytes failed: Only part of a ReadProcessMemory or WriteProcessMemory request was completed. (0x12B)
[0710/213541.486:ERROR:process_memory_win.cc(73)] ReadMemory at 0x2929c1b8770 of 132 bytes failed: Only part of a ReadProcessMemory or WriteProcessMemory request was completed. (0x12B)
[0710/213541.486:ERROR:process_memory_win.cc(73)] ReadMemory at 0x2929c1b8930 of 126 bytes failed: Only part of a ReadProcessMemory or WriteProcessMemory request was completed. (0x12B)
[0710/213541.486:ERROR:process_memory_win.cc(73)] ReadMemory at 0x2929c1b8d10 of 132 bytes failed: Only part of a ReadProcessMemory or WriteProcessMemory request was completed. (0x12B)
[0710/213541.486:ERROR:process_memory_win.cc(73)] ReadMemory at 0x2929c1b8ea0 of 64 bytes failed: Only part of a ReadProcessMemory or WriteProcessMemory request was completed. (0x12B)
[0710/213541.486:ERROR:process_memory_win.cc(73)] ReadMemory at 0x2929c1b9060 of 132 bytes failed: Only part of a ReadProcessMemory or WriteProcessMemory request was completed. (0x12B)
[0710/213541.487:ERROR:process_memory_win.cc(73)] ReadMemory at 0x2929c1b9300 of 132 bytes failed: Only part of a ReadProcessMemory or WriteProcessMemory request was completed. (0x12B)
[0710/213541.487:ERROR:process_memory_win.cc(73)] ReadMemory at 0x2929c1b9490 of 68 bytes failed: Only part of a ReadProcessMemory or WriteProcessMemory request was completed. (0x12B)
[0710/213541.487:ERROR:process_memory_win.cc(73)] ReadMemory at 0x2929c1ba560 of 132 bytes failed: Only part of a ReadProcessMemory or WriteProcessMemory request was completed. (0x12B)
[0710/213541.487:ERROR:process_memory_win.cc(73)] ReadMemory at 0x2929c1ba6f0 of 154 bytes failed: Only part of a ReadProcessMemory or WriteProcessMemory request was completed. (0x12B)
[0710/213541.487:ERROR:process_memory_win.cc(73)] ReadMemory at 0x2929c1bb520 of 62 bytes failed: Only part of a ReadProcessMemory or WriteProcessMemory request was completed. (0x12B)
[0710/213541.487:ERROR:process_memory_win.cc(73)] ReadMemory at 0x2929c1bb650 of 132 bytes failed: Only part of a ReadProcessMemory or WriteProcessMemory request was completed. (0x12B)
[0710/213541.487:ERROR:process_memory_win.cc(73)] ReadMemory at 0x2929c1bb7e0 of 60 bytes failed: Only part of a ReadProcessMemory or WriteProcessMemory request was completed. (0x12B)
[0710/213541.637:ERROR:process_memory_win.cc(73)] ReadMemory at 0x2929c1bc020 of 132 bytes failed: Only part of a ReadProcessMemory or WriteProcessMemory request was completed. (0x12B)
[0710/213541.637:ERROR:process_memory_win.cc(73)] ReadMemory at 0x2929c1bd8f0 of 132 bytes failed: Only part of a ReadProcessMemory or WriteProcessMemory request was completed. (0x12B)
[0710/213541.637:ERROR:process_memory_win.cc(73)] ReadMemory at 0x2929c1bdb00 of 132 bytes failed: Only part of a ReadProcessMemory or WriteProcessMemory request was completed. (0x12B)
[0710/213541.637:ERROR:process_memory_win.cc(73)] ReadMemory at 0x2929c1be470 of 132 bytes failed: Only part of a ReadProcessMemory or WriteProcessMemory request was completed. (0x12B)
[0710/213541.637:ERROR:process_memory_win.cc(73)] ReadMemory at 0x2929c1c1410 of 64 bytes failed: Only part of a ReadProcessMemory or WriteProcessMemory request was completed. (0x12B)
[0710/213541.638:ERROR:process_memory_win.cc(73)] ReadMemory at 0x2929c1c1460 of 66 bytes failed: Only part of a ReadProcessMemory or WriteProcessMemory request was completed. (0x12B)
[0710/213541.638:ERROR:process_memory_win.cc(73)] ReadMemory at 0x2929c1c15a0 of 60 bytes failed: Only part of a ReadProcessMemory or WriteProcessMemory request was completed. (0x12B)
[0710/213541.638:ERROR:process_memory_win.cc(73)] ReadMemory at 0x2929c1c1640 of 64 bytes failed: Only part of a ReadProcessMemory or WriteProcessMemory request was completed. (0x12B)
[0710/213541.638:ERROR:process_memory_win.cc(73)] ReadMemory at 0x2929c1c1780 of 64 bytes failed: Only part of a ReadProcessMemory or WriteProcessMemory request was completed. (0x12B)
[0710/213541.638:ERROR:process_memory_win.cc(73)] ReadMemory at 0x2929c1c1870 of 60 bytes failed: Only part of a ReadProcessMemory or WriteProcessMemory request was completed. (0x12B)
[0710/213541.638:ERROR:process_memory_win.cc(73)] ReadMemory at 0x2929c1c1960 of 64 bytes failed: Only part of a ReadProcessMemory or WriteProcessMemory request was completed. (0x12B)
[0710/213541.638:ERROR:process_memory_win.cc(73)] ReadMemory at 0x2929c1c1a00 of 62 bytes failed: Only part of a ReadProcessMemory or WriteProcessMemory request was completed. (0x12B)
[0710/213541.638:ERROR:process_memory_win.cc(73)] ReadMemory at 0x2929c1c1a50 of 62 bytes failed: Only part of a ReadProcessMemory or WriteProcessMemory request was completed. (0x12B)
[0710/213541.639:ERROR:process_memory_win.cc(73)] ReadMemory at 0x2929c1c1d60 of 58 bytes failed: Only part of a ReadProcessMemory or WriteProcessMemory request was completed. (0x12B)
[0710/213541.639:ERROR:process_memory_win.cc(73)] ReadMemory at 0x2929c1c1e00 of 62 bytes failed: Only part of a ReadProcessMemory or WriteProcessMemory request was completed. (0x12B)
[0710/213541.639:ERROR:process_memory_win.cc(73)] ReadMemory at 0x2929c1c1ea0 of 62 bytes failed: Only part of a ReadProcessMemory or WriteProcessMemory request was completed. (0x12B)
[0710/213541.639:ERROR:process_memory_win.cc(73)] ReadMemory at 0x2929c1c1fe0 of 62 bytes failed: Only part of a ReadProcessMemory or WriteProcessMemory request was completed. (0x12B)
[0710/213541.639:ERROR:process_memory_win.cc(73)] ReadMemory at 0x2929c1c20d0 of 60 bytes failed: Only part of a ReadProcessMemory or WriteProcessMemory request was completed. (0x12B)
[0710/213541.639:ERROR:process_memory_win.cc(73)] ReadMemory at 0x2929c1c2120 of 64 bytes failed: Only part of a ReadProcessMemory or WriteProcessMemory request was completed. (0x12B)
[0710/213541.639:ERROR:process_memory_win.cc(73)] ReadMemory at 0x2929c1c2210 of 62 bytes failed: Only part of a ReadProcessMemory or WriteProcessMemory request was completed. (0x12B)
[0710/213541.639:ERROR:process_memory_win.cc(73)] ReadMemory at 0x2929c1c2260 of 60 bytes failed: Only part of a ReadProcessMemory or WriteProcessMemory request was completed. (0x12B)
[0710/213541.640:ERROR:process_memory_win.cc(73)] ReadMemory at 0x2929c1c22b0 of 66 bytes failed: Only part of a ReadProcessMemory or WriteProcessMemory request was completed. (0x12B)
[0710/213541.640:ERROR:process_memory_win.cc(73)] ReadMemory at 0x2929c1c2300 of 60 bytes failed: Only part of a ReadProcessMemory or WriteProcessMemory request was completed. (0x12B)
[0710/213541.640:ERROR:process_memory_win.cc(73)] ReadMemory at 0x2929c1c23a0 of 60 bytes failed: Only part of a ReadProcessMemory or WriteProcessMemory request was completed. (0x12B)
[0710/213541.640:ERROR:process_memory_win.cc(73)] ReadMemory at 0x2929c1c2490 of 64 bytes failed: Only part of a ReadProcessMemory or WriteProcessMemory request was completed. (0x12B)
[0710/213541.640:ERROR:process_memory_win.cc(73)] ReadMemory at 0x2929c1c2670 of 62 bytes failed: Only part of a ReadProcessMemory or WriteProcessMemory request was completed. (0x12B)
[0710/213541.640:ERROR:process_memory_win.cc(73)] ReadMemory at 0x2929c1c2760 of 62 bytes failed: Only part of a ReadProcessMemory or WriteProcessMemory request was completed. (0x12B)
[0710/213541.640:ERROR:process_memory_win.cc(73)] ReadMemory at 0x2929c1c2850 of 62 bytes failed: Only part of a ReadProcessMemory or WriteProcessMemory request was completed. (0x12B)
[0710/213541.640:ERROR:process_memory_win.cc(73)] ReadMemory at 0x2929c1c28a0 of 64 bytes failed: Only part of a ReadProcessMemory or WriteProcessMemory request was completed. (0x12B)
[0710/213541.641:ERROR:process_memory_win.cc(73)] ReadMemory at 0x2929c1c29e0 of 62 bytes failed: Only part of a ReadProcessMemory or WriteProcessMemory request was completed. (0x12B)
[0710/213541.641:ERROR:process_memory_win.cc(73)] ReadMemory at 0x2929c1c2ad0 of 64 bytes failed: Only part of a ReadProcessMemory or WriteProcessMemory request was completed. (0x12B)
[0710/213541.641:ERROR:process_memory_win.cc(73)] ReadMemory at 0x2929c1c4b80 of 132 bytes failed: Only part of a ReadProcessMemory or WriteProcessMemory request was completed. (0x12B)
[0710/213541.641:ERROR:process_memory_win.cc(73)] ReadMemory at 0x2929c1c4cb0 of 132 bytes failed: Only part of a ReadProcessMemory or WriteProcessMemory request was completed. (0x12B)
[0710/213541.641:ERROR:process_memory_win.cc(73)] ReadMemory at 0x2929c1c4de0 of 132 bytes failed: Only part of a ReadProcessMemory or WriteProcessMemory request was completed. (0x12B)
[0710/213541.642:ERROR:process_memory_win.cc(73)] ReadMemory at 0x2929c1c61d0 of 132 bytes failed: Only part of a ReadProcessMemory or WriteProcessMemory request was completed. (0x12B)
[0710/213541.642:ERROR:process_memory_win.cc(73)] ReadMemory at 0x2929c1c6300 of 132 bytes failed: Only part of a ReadProcessMemory or WriteProcessMemory request was completed. (0x12B)
[0710/213541.642:ERROR:process_memory_win.cc(73)] ReadMemory at 0x2929c1c6430 of 132 bytes failed: Only part of a ReadProcessMemory or WriteProcessMemory request was completed. (0x12B)
[0710/213541.642:ERROR:process_memory_win.cc(73)] ReadMemory at 0x2929c1c6560 of 132 bytes failed: Only part of a ReadProcessMemory or WriteProcessMemory request was completed. (0x12B)
[0710/213541.642:ERROR:process_memory_win.cc(73)] ReadMemory at 0x2929c1c6690 of 132 bytes failed: Only part of a ReadProcessMemory or WriteProcessMemory request was completed. (0x12B)
[0710/213541.642:ERROR:process_memory_win.cc(73)] ReadMemory at 0x2929c1c67c0 of 132 bytes failed: Only part of a ReadProcessMemory or WriteProcessMemory request was completed. (0x12B)
[0710/213541.642:ERROR:process_memory_win.cc(73)] ReadMemory at 0x2929c1c68f0 of 132 bytes failed: Only part of a ReadProcessMemory or WriteProcessMemory request was completed. (0x12B)
[0710/213541.642:ERROR:process_memory_win.cc(73)] ReadMemory at 0x2929c1c6a20 of 132 bytes failed: Only part of a ReadProcessMemory or WriteProcessMemory request was completed. (0x12B)
[0710/213541.642:ERROR:process_memory_win.cc(73)] ReadMemory at 0x2929c1c6b50 of 132 bytes failed: Only part of a ReadProcessMemory or WriteProcessMemory request was completed. (0x12B)
[0710/213541.642:ERROR:process_memory_win.cc(73)] ReadMemory at 0x2929c1c6c80 of 132 bytes failed: Only part of a ReadProcessMemory or WriteProcessMemory request was completed. (0x12B)
[0710/213541.642:ERROR:process_memory_win.cc(73)] ReadMemory at 0x2929c1c6ee0 of 132 bytes failed: Only part of a ReadProcessMemory or WriteProcessMemory request was completed. (0x12B)
[0710/213541.643:ERROR:process_memory_win.cc(73)] ReadMemory at 0x2929c1c7010 of 132 bytes failed: Only part of a ReadProcessMemory or WriteProcessMemory request was completed. (0x12B)
[0710/213541.643:ERROR:process_memory_win.cc(73)] ReadMemory at 0x2929c1c74c0 of 512 bytes failed: Only part of a ReadProcessMemory or WriteProcessMemory request was completed. (0x12B)
[0710/213541.643:ERROR:process_memory_win.cc(73)] ReadMemory at 0x2929c1c8190 of 132 bytes failed: Only part of a ReadProcessMemory or WriteProcessMemory request was completed. (0x12B)
[0710/213541.643:ERROR:process_memory_win.cc(73)] ReadMemory at 0x2929c1c8740 of 54 bytes failed: Only part of a ReadProcessMemory or WriteProcessMemory request was completed. (0x12B)
[0710/213541.643:ERROR:process_memory_win.cc(73)] ReadMemory at 0x2929c1cab00 of 132 bytes failed: Only part of a ReadProcessMemory or WriteProcessMemory request was completed. (0x12B)
[0710/213541.643:ERROR:process_memory_win.cc(73)] ReadMemory at 0x2929c1cac30 of 146 bytes failed: Only part of a ReadProcessMemory or WriteProcessMemory request was completed. (0x12B)
[0710/213541.643:ERROR:process_memory_win.cc(73)] ReadMemory at 0x2929c1ccbe0 of 80 bytes failed: Only part of a ReadProcessMemory or WriteProcessMemory request was completed. (0x12B)
[0710/213541.643:ERROR:process_memory_win.cc(73)] ReadMemory at 0x2929c1cce20 of 76 bytes failed: Only part of a ReadProcessMemory or WriteProcessMemory request was completed. (0x12B)
[0710/213541.643:ERROR:process_memory_win.cc(73)] ReadMemory at 0x2929c1ceca0 of 132 bytes failed: Only part of a ReadProcessMemory or WriteProcessMemory request was completed. (0x12B)
[0710/213541.643:ERROR:process_memory_win.cc(73)] ReadMemory at 0x2929c1cf4b0 of 132 bytes failed: Only part of a ReadProcessMemory or WriteProcessMemory request was completed. (0x12B)
[0710/213541.643:ERROR:process_memory_win.cc(73)] ReadMemory at 0x2929c1cfbd0 of 132 bytes failed: Only part of a ReadProcessMemory or WriteProcessMemory request was completed. (0x12B)
[0710/213541.643:ERROR:process_memory_win.cc(73)] ReadMemory at 0x2929c1d0680 of 132 bytes failed: Only part of a ReadProcessMemory or WriteProcessMemory request was completed. (0x12B)
[0710/213541.643:ERROR:process_memory_win.cc(73)] ReadMemory at 0x2929c1d0a10 of 132 bytes failed: Only part of a ReadProcessMemory or WriteProcessMemory request was completed. (0x12B)
[0710/213541.644:ERROR:process_memory_win.cc(73)] ReadMemory at 0x2929c1d0b40 of 132 bytes failed: Only part of a ReadProcessMemory or WriteProcessMemory request was completed. (0x12B)
[0710/213541.644:ERROR:process_memory_win.cc(73)] ReadMemory at 0x2929c1d0c70 of 132 bytes failed: Only part of a ReadProcessMemory or WriteProcessMemory request was completed. (0x12B)
[0710/213541.644:ERROR:process_memory_win.cc(73)] ReadMemory at 0x2929c1d0da0 of 132 bytes failed: Only part of a ReadProcessMemory or WriteProcessMemory request was completed. (0x12B)
[0710/213541.644:ERROR:process_memory_win.cc(73)] ReadMemory at 0x2929c1d0ed0 of 132 bytes failed: Only part of a ReadProcessMemory or WriteProcessMemory request was completed. (0x12B)
[0710/213541.644:ERROR:process_memory_win.cc(73)] ReadMemory at 0x2929c1d1000 of 132 bytes failed: Only part of a ReadProcessMemory or WriteProcessMemory request was completed. (0x12B)
[0710/213541.644:ERROR:process_memory_win.cc(73)] ReadMemory at 0x2929c1d1260 of 132 bytes failed: Only part of a ReadProcessMemory or WriteProcessMemory request was completed. (0x12B)
[0710/213541.644:ERROR:process_memory_win.cc(73)] ReadMemory at 0x2929c1ebd30 of 512 bytes failed: Only part of a ReadProcessMemory or WriteProcessMemory request was completed. (0x12B)
[0710/213541.644:ERROR:process_memory_win.cc(73)] ReadMemory at 0x2929c992b48 of 512 bytes failed: Only part of a ReadProcessMemory or WriteProcessMemory request was completed. (0x12B)
[0710/213541.644:ERROR:process_memory_win.cc(73)] ReadMemory at 0x2929c9954a0 of 512 bytes failed: Only part of a ReadProcessMemory or WriteProcessMemory request was completed. (0x12B)
[0710/213541.644:ERROR:process_memory_win.cc(73)] ReadMemory at 0x2929c9a5ab0 of 512 bytes failed: Only part of a ReadProcessMemory or WriteProcessMemory request was completed. (0x12B)
[0710/213541.644:ERROR:process_memory_win.cc(73)] ReadMemory at 0x2929c9b64c0 of 712 bytes failed: Only part of a ReadProcessMemory or WriteProcessMemory request was completed. (0x12B)
[0710/213541.644:ERROR:process_memory_win.cc(73)] ReadMemory at 0x2929e030000 of 384 bytes failed: Only part of a ReadProcessMemory or WriteProcessMemory request was completed. (0x12B)
[0710/213541.644:ERROR:process_memory_win.cc(73)] ReadMemory at 0x2929e05a000 of 512 bytes failed: Only part of a ReadProcessMemory or WriteProcessMemory request was completed. (0x12B)
[0710/213541.645:ERROR:process_memory_win.cc(73)] ReadMemory at 0x2929e0c7760 of 512 bytes failed: Only part of a ReadProcessMemory or WriteProcessMemory request was completed. (0x12B)
[0710/213541.645:ERROR:process_memory_win.cc(73)] ReadMemory at 0x2929e0cf580 of 512 bytes failed: Only part of a ReadProcessMemory or WriteProcessMemory request was completed. (0x12B)
[0710/213541.645:ERROR:process_memory_win.cc(73)] ReadMemory at 0x2929e882f58 of 512 bytes failed: Only part of a ReadProcessMemory or WriteProcessMemory request was completed. (0x12B)
[0710/213541.645:ERROR:process_memory_win.cc(73)] ReadMemory at 0x292a121f340 of 512 bytes failed: Only part of a ReadProcessMemory or WriteProcessMemory request was completed. (0x12B)
[0710/213541.645:ERROR:process_memory_win.cc(73)] ReadMemory at 0x292aa6058c0 of 512 bytes failed: Only part of a ReadProcessMemory or WriteProcessMemory request was completed. (0x12B)
[0710/213541.645:ERROR:process_memory_win.cc(73)] ReadMemory at 0x292b9aec7f0 of 512 bytes failed: Only part of a ReadProcessMemory or WriteProcessMemory request was completed. (0x12B)
[0710/213541.645:ERROR:process_memory_win.cc(73)] ReadMemory at 0x3d9a08040000 of 384 bytes failed: Only part of a ReadProcessMemory or WriteProcessMemory request was completed. (0x12B)
[0710/213541.645:ERROR:process_memory_win.cc(73)] ReadMemory at 0x3d9a08f7ff80 of 512 bytes failed: Only part of a ReadProcessMemory or WriteProcessMemory request was completed. (0x12B)
[0710/213541.645:ERROR:process_memory_win.cc(73)] ReadMemory at 0x3d9a08f97680 of 512 bytes failed: Only part of a ReadProcessMemory or WriteProcessMemory request was completed. (0x12B)
[0710/213541.645:ERROR:process_memory_win.cc(73)] ReadMemory at 0x3d9a0a2f9bac of 512 bytes failed: Only part of a ReadProcessMemory or WriteProcessMemory request was completed. (0x12B)
[0710/213541.645:ERROR:process_memory_win.cc(73)] ReadMemory at 0x3d9a0b3b0cf8 of 512 bytes failed: Only part of a ReadProcessMemory or WriteProcessMemory request was completed. (0x12B)
[0710/213541.645:ERROR:process_memory_win.cc(73)] ReadMemory at 0x3d9a0b907980 of 512 bytes failed: Only part of a ReadProcessMemory or WriteProcessMemory request was completed. (0x12B)
[0710/213541.645:ERROR:process_memory_win.cc(73)] ReadMemory at 0x3d9a0b93ff80 of 128 bytes failed: Only part of a ReadProcessMemory or WriteProcessMemory request was completed. (0x12B)
[0710/213541.646:ERROR:process_memory_win.cc(73)] ReadMemory at 0x3d9a0d08cb21 of 518 bytes failed: Only part of a ReadProcessMemory or WriteProcessMemory request was completed. (0x12B)
[0710/213541.646:ERROR:process_memory_win.cc(73)] ReadMemory at 0x3d9a10b0bef0 of 513 bytes failed: Only part of a ReadProcessMemory or WriteProcessMemory request was completed. (0x12B)
[0710/213541.646:ERROR:process_memory_win.cc(73)] ReadMemory at 0x3d9a11d720f1 of 512 bytes failed: Only part of a ReadProcessMemory or WriteProcessMemory request was completed. (0x12B)
[0710/213541.646:ERROR:process_memory_win.cc(73)] ReadMemory at 0x3d9a12d05181 of 760 bytes failed: Only part of a ReadProcessMemory or WriteProcessMemory request was completed. (0x12B)
[0710/213541.646:ERROR:process_memory_win.cc(73)] ReadMemory at 0x3d9a173d9525 of 512 bytes failed: Only part of a ReadProcessMemory or WriteProcessMemory request was completed. (0x12B)
[0710/213541.646:ERROR:process_memory_win.cc(73)] ReadMemory at 0x3d9a173f2361 of 512 bytes failed: Only part of a ReadProcessMemory or WriteProcessMemory request was completed. (0x12B)
[0710/213541.646:ERROR:process_memory_win.cc(73)] ReadMemory at 0x3d9a173f317d of 512 bytes failed: Only part of a ReadProcessMemory or WriteProcessMemory request was completed. (0x12B)
[0710/213541.646:ERROR:process_memory_win.cc(73)] ReadMemory at 0x7ffa815f6c25 of 512 bytes failed: Only part of a ReadProcessMemory or WriteProcessMemory request was completed. (0x12B)
[0710/213541.646:ERROR:process_memory_win.cc(73)] ReadMemory at 0x7ffa815f89d7 of 512 bytes failed: Only part of a ReadProcessMemory or WriteProcessMemory request was completed. (0x12B)
[0710/213541.646:ERROR:process_memory_win.cc(73)] ReadMemory at 0x7ffa815fdb40 of 512 bytes failed: Only part of a ReadProcessMemory or WriteProcessMemory request was completed. (0x12B)
[0710/213541.646:ERROR:process_memory_win.cc(73)] ReadMemory at 0x7ffa81640256 of 512 bytes failed: Only part of a ReadProcessMemory or WriteProcessMemory request was completed. (0x12B)
[0710/213541.646:ERROR:process_memory_win.cc(73)] ReadMemory at 0x7ffad91979a5 of 512 bytes failed: Only part of a ReadProcessMemory or WriteProcessMemory request was completed. (0x12B)
[0710/213541.647:ERROR:process_memory_win.cc(73)] ReadMemory at 0x7ffad9198180 of 512 bytes failed: Only part of a ReadProcessMemory or WriteProcessMemory request was completed. (0x12B)
[0710/213541.647:ERROR:process_memory_win.cc(73)] ReadMemory at 0x7ffaeb11c074 of 672 bytes failed: Only part of a ReadProcessMemory or WriteProcessMemory request was completed. (0x12B)
[0710/213541.647:ERROR:process_memory_win.cc(73)] ReadMemory at 0x7ffaeb11f924 of 608 bytes failed: Only part of a ReadProcessMemory or WriteProcessMemory request was completed. (0x12B)
[0710/213541.647:ERROR:process_memory_win.cc(73)] ReadMemory at 0x7ffaeb1ac428 of 18 bytes failed: Only part of a ReadProcessMemory or WriteProcessMemory request was completed. (0x12B)
[0710/213541.647:ERROR:process_memory_win.cc(73)] ReadMemory at 0x7ffaeb1df4f8 of 40 bytes failed: Only part of a ReadProcessMemory or WriteProcessMemory request was completed. (0x12B)
[0710/213541.647:ERROR:process_memory_win.cc(73)] ReadMemory at 0x7ffaeb1df978 of 48 bytes failed: Only part of a ReadProcessMemory or WriteProcessMemory request was completed. (0x12B)
[0710/213541.647:ERROR:process_memory_win.cc(73)] ReadMemory at 0x7ffaeb1e53c0 of 64 bytes failed: Only part of a ReadProcessMemory or WriteProcessMemory request was completed. (0x12B)
[0710/213541.928:ERROR:scoped_process_suspend.cc(40)] NtResumeProcess: An attempt was made to access an exiting process. (0xc000010a)
